Wed Sep 05 2018 13:30:59 GMT+1200 (NZST): GET /
Wed Sep 05 2018 13:31:28 GMT+1200 (NZST): GET /about
Wed Sep 05 2018 13:42:48 GMT+1200 (NZST): GET /
Wed Sep 05 2018 13:42:54 GMT+1200 (NZST): GET /about
Wed Sep 05 2018 13:54:33 GMT+1200 (NZST): GET /help.html
Wed Sep 05 2018 13:54:40 GMT+1200 (NZST): GET /
Wed Sep 05 2018 13:54:41 GMT+1200 (NZST): GET /about
Wed Sep 05 2018 13:54:42 GMT+1200 (NZST): GET /
Wed Sep 05 2018 15:00:13 GMT+1200 (NZST): GET /
Wed Sep 05 2018 15:00:14 GMT+1200 (NZST): GET /
Wed Sep 05 2018 15:00:15 GMT+1200 (NZST): GET /about
Wed Sep 05 2018 15:00:17 GMT+1200 (NZST): GET /
Wed Sep 05 2018 15:01:12 GMT+1200 (NZST): GET /about
Wed Sep 05 2018 15:01:15 GMT+1200 (NZST): GET /
Wed Sep 05 2018 15:01:16 GMT+1200 (NZST): GET /
Wed Sep 05 2018 15:01:16 GMT+1200 (NZST): GET /
Wed Sep 05 2018 15:01:17 GMT+1200 (NZST): GET /
Wed Sep 05 2018 15:01:17 GMT+1200 (NZST): GET /
Wed Sep 05 2018 15:01:17 GMT+1200 (NZST): GET /
Wed Sep 05 2018 15:13:05 GMT+1200 (NZST): GET /
Wed Sep 05 2018 15:13:31 GMT+1200 (NZST): GET /
Wed Sep 05 2018 15:13:32 GMT+1200 (NZST): GET /projects
Wed Sep 05 2018 15:13:34 GMT+1200 (NZST): GET /about
Wed Sep 05 2018 15:13:35 GMT+1200 (NZST): GET /
Wed Sep 05 2018 15:13:36 GMT+1200 (NZST): GET /projects
Wed Sep 05 2018 15:13:37 GMT+1200 (NZST): GET /about
Wed Sep 05 2018 15:13:38 GMT+1200 (NZST): GET /projects
Wed Sep 05 2018 15:13:38 GMT+1200 (NZST): GET /about
Wed Sep 05 2018 15:13:39 GMT+1200 (NZST): GET /
Wed Sep 05 2018 15:13:40 GMT+1200 (NZST): GET /projects
Sun Dec 02 2018 10:53:24 GMT+1300 (NZDT): GET /
Sun Dec 02 2018 10:53:25 GMT+1300 (NZDT): GET /favicon.ico
Sun Dec 02 2018 10:53:28 GMT+1300 (NZDT): GET /about
Sun Dec 02 2018 10:53:28 GMT+1300 (NZDT): GET /favicon.ico
Sun Dec 02 2018 10:53:30 GMT+1300 (NZDT): GET /projects
Sun Dec 02 2018 10:53:30 GMT+1300 (NZDT): GET /favicon.ico
Sun Dec 02 2018 10:53:33 GMT+1300 (NZDT): GET /
Sun Dec 02 2018 10:53:33 GMT+1300 (NZDT): GET /favicon.ico
Sun Dec 02 2018 10:53:35 GMT+1300 (NZDT): GET /about
Sun Dec 02 2018 10:53:35 GMT+1300 (NZDT): GET /favicon.ico
Sun Dec 02 2018 10:53:38 GMT+1300 (NZDT): GET /
Sun Dec 02 2018 10:53:38 GMT+1300 (NZDT): GET /favicon.ico
Sun Dec 02 2018 10:53:40 GMT+1300 (NZDT): GET /about
Sun Dec 02 2018 10:53:40 GMT+1300 (NZDT): GET /favicon.ico
Sun Dec 02 2018 10:53:41 GMT+1300 (NZDT): GET /projects
Sun Dec 02 2018 10:53:41 GMT+1300 (NZDT): GET /favicon.ico
Sun Dec 02 2018 10:53:43 GMT+1300 (NZDT): GET /
Sun Dec 02 2018 10:53:43 GMT+1300 (NZDT): GET /favicon.ico
Sun Dec 02 2018 10:53:45 GMT+1300 (NZDT): GET /about
Sun Dec 02 2018 10:53:45 GMT+1300 (NZDT): GET /favicon.ico
Sun Dec 02 2018 10:53:46 GMT+1300 (NZDT): GET /projects
Sun Dec 02 2018 10:53:47 GMT+1300 (NZDT): GET /favicon.ico
Sun Dec 02 2018 11:23:27 GMT+1300 (NZDT): GET /
Sun Dec 02 2018 11:23:28 GMT+1300 (NZDT): GET /favicon.ico
Sun Dec 02 2018 11:23:38 GMT+1300 (NZDT): GET /about
Sun Dec 02 2018 11:23:38 GMT+1300 (NZDT): GET /favicon.ico
Sun Dec 02 2018 11:23:40 GMT+1300 (NZDT): GET /
Sun Dec 02 2018 11:23:40 GMT+1300 (NZDT): GET /favicon.ico
Sun Dec 02 2018 15:07:07 GMT+1300 (NZDT): GET /
Sun Dec 02 2018 15:07:08 GMT+1300 (NZDT): GET /favicon.ico
Sun Dec 02 2018 15:07:36 GMT+1300 (NZDT): GET /
Sun Dec 02 2018 15:07:36 GMT+1300 (NZDT): GET /favicon.ico
Sun Dec 02 2018 15:07:37 GMT+1300 (NZDT): GET /
Sun Dec 02 2018 15:07:37 GMT+1300 (NZDT): GET /favicon.ico
Sun Dec 02 2018 15:07:37 GMT+1300 (NZDT): GET /
Sun Dec 02 2018 15:07:38 GMT+1300 (NZDT): GET /favicon.ico
Sun Dec 02 2018 15:07:49 GMT+1300 (NZDT): GET /
Sun Dec 02 2018 15:07:49 GMT+1300 (NZDT): GET /favicon.ico
Sun Dec 02 2018 15:07:50 GMT+1300 (NZDT): GET /
Sun Dec 02 2018 15:07:50 GMT+1300 (NZDT): GET /favicon.ico
Sun Dec 02 2018 15:07:50 GMT+1300 (NZDT): GET /
Sun Dec 02 2018 15:07:50 GMT+1300 (NZDT): GET /favicon.ico
Sun Dec 02 2018 15:09:19 GMT+1300 (NZDT): GET /
Sun Dec 02 2018 15:09:19 GMT+1300 (NZDT): GET /favicon.ico
Sun Dec 02 2018 15:09:25 GMT+1300 (NZDT): GET /
Sun Dec 02 2018 15:09:25 GMT+1300 (NZDT): GET /style.css
Sun Dec 02 2018 15:09:25 GMT+1300 (NZDT): GET /script.js
Sun Dec 02 2018 15:09:26 GMT+1300 (NZDT): GET /style.css
Sun Dec 02 2018 15:09:26 GMT+1300 (NZDT): GET /script.js
Sun Dec 02 2018 15:09:26 GMT+1300 (NZDT): GET /favicon.ico
Sun Dec 02 2018 15:10:37 GMT+1300 (NZDT): GET /
Sun Dec 02 2018 15:10:37 GMT+1300 (NZDT): GET /script.js
Sun Dec 02 2018 15:10:37 GMT+1300 (NZDT): GET /style.css
Sun Dec 02 2018 15:10:38 GMT+1300 (NZDT): GET /script.js
Sun Dec 02 2018 15:10:38 GMT+1300 (NZDT): GET /style.css
Sun Dec 02 2018 15:10:38 GMT+1300 (NZDT): GET /favicon.ico
Sun Dec 02 2018 15:17:41 GMT+1300 (NZDT): GET /
Sun Dec 02 2018 15:17:41 GMT+1300 (NZDT): GET /script.js
Sun Dec 02 2018 15:17:41 GMT+1300 (NZDT): GET /style.css
Sun Dec 02 2018 15:17:41 GMT+1300 (NZDT): GET /script.js
Sun Dec 02 2018 15:17:41 GMT+1300 (NZDT): GET /style.css
Sun Dec 02 2018 15:17:41 GMT+1300 (NZDT): GET /favicon.ico
Sun Dec 02 2018 15:17:43 GMT+1300 (NZDT): GET /
Sun Dec 02 2018 15:17:43 GMT+1300 (NZDT): GET /script.js
Sun Dec 02 2018 15:17:43 GMT+1300 (NZDT): GET /style.css
Sun Dec 02 2018 15:17:43 GMT+1300 (NZDT): GET /script.js
Sun Dec 02 2018 15:17:43 GMT+1300 (NZDT): GET /style.css
Sun Dec 02 2018 15:17:43 GMT+1300 (NZDT): GET /favicon.ico
Sun Dec 02 2018 15:17:44 GMT+1300 (NZDT): GET /
Sun Dec 02 2018 15:17:44 GMT+1300 (NZDT): GET /script.js
Sun Dec 02 2018 15:17:44 GMT+1300 (NZDT): GET /style.css
Sun Dec 02 2018 15:17:45 GMT+1300 (NZDT): GET /script.js
Sun Dec 02 2018 15:17:45 GMT+1300 (NZDT): GET /style.css
Sun Dec 02 2018 15:17:45 GMT+1300 (NZDT): GET /favicon.ico
Sun Dec 02 2018 15:19:03 GMT+1300 (NZDT): GET /
Sun Dec 02 2018 15:19:07 GMT+1300 (NZDT): GET /
Sun Dec 02 2018 15:19:07 GMT+1300 (NZDT): GET /views/script.js
Sun Dec 02 2018 15:19:07 GMT+1300 (NZDT): GET /views/style.css
Sun Dec 02 2018 15:19:07 GMT+1300 (NZDT): GET /style.css
Sun Dec 02 2018 15:19:07 GMT+1300 (NZDT): GET /views/script.js
Sun Dec 02 2018 15:19:07 GMT+1300 (NZDT): GET /views/style.css
Sun Dec 02 2018 15:19:07 GMT+1300 (NZDT): GET /style.css
Sun Dec 02 2018 15:19:07 GMT+1300 (NZDT): GET /favicon.ico
Sun Dec 02 2018 15:21:03 GMT+1300 (NZDT): GET /
Sun Dec 02 2018 15:21:03 GMT+1300 (NZDT): GET /views/script.js
Sun Dec 02 2018 15:21:03 GMT+1300 (NZDT): GET /style.css
Sun Dec 02 2018 15:21:03 GMT+1300 (NZDT): GET /views/style.css
Sun Dec 02 2018 15:21:03 GMT+1300 (NZDT): GET /style.css
Sun Dec 02 2018 15:21:03 GMT+1300 (NZDT): GET /favicon.ico
Sun Dec 02 2018 15:21:26 GMT+1300 (NZDT): GET /favicon.ico
Sun Dec 02 2018 15:21:32 GMT+1300 (NZDT): GET /
Sun Dec 02 2018 15:21:32 GMT+1300 (NZDT): GET /views/script.js
Sun Dec 02 2018 15:21:32 GMT+1300 (NZDT): GET /style.css
Sun Dec 02 2018 15:21:32 GMT+1300 (NZDT): GET /views/style.css
Sun Dec 02 2018 15:21:32 GMT+1300 (NZDT): GET /style.css
Sun Dec 02 2018 15:21:32 GMT+1300 (NZDT): GET /favicon.ico
Sun Dec 02 2018 15:28:45 GMT+1300 (NZDT): GET /
Sun Dec 02 2018 15:28:46 GMT+1300 (NZDT): GET /views/script.js
Sun Dec 02 2018 15:28:46 GMT+1300 (NZDT): GET /views/style.css
Sun Dec 02 2018 15:28:47 GMT+1300 (NZDT): GET /favicon.ico
Sun Dec 02 2018 15:33:18 GMT+1300 (NZDT): GET /
Sun Dec 02 2018 15:33:19 GMT+1300 (NZDT): GET /views/script.js
Sun Dec 02 2018 15:33:19 GMT+1300 (NZDT): GET /views/style.css
Sun Dec 02 2018 15:33:20 GMT+1300 (NZDT): GET /favicon.ico
Sun Dec 02 2018 15:34:12 GMT+1300 (NZDT): GET /
Sun Dec 02 2018 15:34:12 GMT+1300 (NZDT): GET /views/script.js
Sun Dec 02 2018 15:34:12 GMT+1300 (NZDT): GET /views/style.css
Sun Dec 02 2018 15:34:12 GMT+1300 (NZDT): GET /favicon.ico
Sun Dec 02 2018 15:34:59 GMT+1300 (NZDT): GET /
Sun Dec 02 2018 15:34:59 GMT+1300 (NZDT): GET /views/script.js
Sun Dec 02 2018 15:34:59 GMT+1300 (NZDT): GET /views/style.css
Sun Dec 02 2018 15:34:59 GMT+1300 (NZDT): GET /favicon.ico
Sun Dec 02 2018 15:35:48 GMT+1300 (NZDT): GET /
Sun Dec 02 2018 15:35:48 GMT+1300 (NZDT): GET /views/script.js
Sun Dec 02 2018 15:35:48 GMT+1300 (NZDT): GET /views/style.css
Sun Dec 02 2018 15:35:50 GMT+1300 (NZDT): GET /favicon.ico
Sun Dec 02 2018 15:36:41 GMT+1300 (NZDT): GET /
Sun Dec 02 2018 15:36:41 GMT+1300 (NZDT): GET /views/script.js
Sun Dec 02 2018 15:36:41 GMT+1300 (NZDT): GET /views/style.css
Sun Dec 02 2018 15:36:42 GMT+1300 (NZDT): GET /favicon.ico
Sun Dec 02 2018 15:53:27 GMT+1300 (NZDT): GET /
Sun Dec 02 2018 15:53:27 GMT+1300 (NZDT): GET /views/script.js
Sun Dec 02 2018 15:53:27 GMT+1300 (NZDT): GET /views/style.css
Sun Dec 02 2018 15:53:28 GMT+1300 (NZDT): GET /views/script.js
Sun Dec 02 2018 15:53:28 GMT+1300 (NZDT): GET /favicon.ico
Sun Dec 02 2018 15:54:28 GMT+1300 (NZDT): GET /
Sun Dec 02 2018 15:54:28 GMT+1300 (NZDT): GET /views/script.js
Sun Dec 02 2018 15:54:28 GMT+1300 (NZDT): GET /views/style.css
Sun Dec 02 2018 15:54:28 GMT+1300 (NZDT): GET /views/script.js
Sun Dec 02 2018 15:54:29 GMT+1300 (NZDT): GET /favicon.ico
Sun Dec 02 2018 15:54:31 GMT+1300 (NZDT): GET /
Sun Dec 02 2018 15:54:31 GMT+1300 (NZDT): GET /views/script.js
Sun Dec 02 2018 15:54:31 GMT+1300 (NZDT): GET /views/style.css
Sun Dec 02 2018 15:54:31 GMT+1300 (NZDT): GET /views/script.js
Sun Dec 02 2018 15:54:31 GMT+1300 (NZDT): GET /favicon.ico
Sun Dec 02 2018 15:55:15 GMT+1300 (NZDT): GET /
Sun Dec 02 2018 15:55:15 GMT+1300 (NZDT): GET /views/script.js
Sun Dec 02 2018 15:55:15 GMT+1300 (NZDT): GET /views/style.css
Sun Dec 02 2018 15:55:16 GMT+1300 (NZDT): GET /views/script.js
Sun Dec 02 2018 15:55:17 GMT+1300 (NZDT): GET /favicon.ico
Sun Dec 02 2018 15:56:06 GMT+1300 (NZDT): GET /
Sun Dec 02 2018 15:56:06 GMT+1300 (NZDT): GET /views/script.js
Sun Dec 02 2018 15:56:06 GMT+1300 (NZDT): GET /views/style.css
Sun Dec 02 2018 15:56:09 GMT+1300 (NZDT): GET /favicon.ico
Sun Dec 02 2018 15:57:23 GMT+1300 (NZDT): GET /
Sun Dec 02 2018 15:57:23 GMT+1300 (NZDT): GET /views/script.js
Sun Dec 02 2018 15:57:23 GMT+1300 (NZDT): GET /views/style.css
Sun Dec 02 2018 15:57:25 GMT+1300 (NZDT): GET /favicon.ico
Sun Dec 02 2018 15:57:41 GMT+1300 (NZDT): GET /
Sun Dec 02 2018 15:57:42 GMT+1300 (NZDT): GET /views/style.css
Sun Dec 02 2018 15:57:42 GMT+1300 (NZDT): GET /favicon.ico
Sun Dec 02 2018 15:58:32 GMT+1300 (NZDT): GET /
Sun Dec 02 2018 15:58:32 GMT+1300 (NZDT): GET /favicon.ico
Sun Dec 02 2018 16:01:31 GMT+1300 (NZDT): GET /
Sun Dec 02 2018 16:01:31 GMT+1300 (NZDT): GET /views/style.css
Sun Dec 02 2018 16:01:32 GMT+1300 (NZDT): GET /favicon.ico
Sun Dec 02 2018 16:03:01 GMT+1300 (NZDT): GET /
Sun Dec 02 2018 16:03:02 GMT+1300 (NZDT): GET /favicon.ico
Sun Dec 02 2018 16:03:37 GMT+1300 (NZDT): GET /
Sun Dec 02 2018 16:03:37 GMT+1300 (NZDT): GET /views/style.css
Sun Dec 02 2018 16:03:38 GMT+1300 (NZDT): GET /favicon.ico
Sun Dec 02 2018 16:07:41 GMT+1300 (NZDT): GET /
Sun Dec 02 2018 16:07:41 GMT+1300 (NZDT): GET /views/style.css
Sun Dec 02 2018 16:07:41 GMT+1300 (NZDT): GET /favicon.ico
Sun Dec 02 2018 16:07:52 GMT+1300 (NZDT): GET /
Sun Dec 02 2018 16:07:52 GMT+1300 (NZDT): GET /views/style.css
Sun Dec 02 2018 16:07:54 GMT+1300 (NZDT): GET /favicon.ico
Sun Dec 02 2018 16:08:53 GMT+1300 (NZDT): GET /
Sun Dec 02 2018 16:08:53 GMT+1300 (NZDT): GET /views/style.css
Sun Dec 02 2018 16:08:56 GMT+1300 (NZDT): GET /favicon.ico
Sun Dec 02 2018 16:09:50 GMT+1300 (NZDT): GET /
Sun Dec 02 2018 16:09:50 GMT+1300 (NZDT): GET /views/style.css
Sun Dec 02 2018 16:09:51 GMT+1300 (NZDT): GET /favicon.ico
Sun Dec 02 2018 16:11:33 GMT+1300 (NZDT): GET /
Sun Dec 02 2018 16:11:34 GMT+1300 (NZDT): GET /views/style.css
Sun Dec 02 2018 16:11:35 GMT+1300 (NZDT): GET /favicon.ico
Sun Dec 02 2018 16:12:15 GMT+1300 (NZDT): GET /
Sun Dec 02 2018 16:12:15 GMT+1300 (NZDT): GET /views/style.css
Sun Dec 02 2018 16:12:16 GMT+1300 (NZDT): GET /favicon.ico
Sun Dec 02 2018 16:12:22 GMT+1300 (NZDT): GET /
Sun Dec 02 2018 16:12:22 GMT+1300 (NZDT): GET /views/style.css
Sun Dec 02 2018 16:12:24 GMT+1300 (NZDT): GET /favicon.ico
Sun Dec 02 2018 16:12:48 GMT+1300 (NZDT): GET /
Sun Dec 02 2018 16:12:48 GMT+1300 (NZDT): GET /views/style.css
Sun Dec 02 2018 16:12:49 GMT+1300 (NZDT): GET /favicon.ico
Sun Dec 02 2018 16:13:19 GMT+1300 (NZDT): GET /
Sun Dec 02 2018 16:13:19 GMT+1300 (NZDT): GET /views/style.css
Sun Dec 02 2018 16:13:21 GMT+1300 (NZDT): GET /favicon.ico
Sun Dec 02 2018 16:13:30 GMT+1300 (NZDT): GET /
Sun Dec 02 2018 16:13:30 GMT+1300 (NZDT): GET /views/style.css
Sun Dec 02 2018 16:13:31 GMT+1300 (NZDT): GET /favicon.ico
Sun Dec 02 2018 16:14:34 GMT+1300 (NZDT): GET /
Sun Dec 02 2018 16:14:34 GMT+1300 (NZDT): GET /views/style.css
Sun Dec 02 2018 16:14:35 GMT+1300 (NZDT): GET /favicon.ico
Sun Dec 02 2018 16:16:08 GMT+1300 (NZDT): GET /
Sun Dec 02 2018 16:16:08 GMT+1300 (NZDT): GET /views/style.css
Sun Dec 02 2018 16:16:09 GMT+1300 (NZDT): GET /favicon.ico
Sun Dec 02 2018 16:16:46 GMT+1300 (NZDT): GET /
Sun Dec 02 2018 16:16:46 GMT+1300 (NZDT): GET /views/style.css
Sun Dec 02 2018 16:16:48 GMT+1300 (NZDT): GET /favicon.ico
Sun Dec 02 2018 16:18:07 GMT+1300 (NZDT): GET /
Sun Dec 02 2018 16:18:07 GMT+1300 (NZDT): GET /views/style.css
Sun Dec 02 2018 16:18:07 GMT+1300 (NZDT): GET /favicon.ico
Sun Dec 02 2018 16:18:46 GMT+1300 (NZDT): GET /
Sun Dec 02 2018 16:18:46 GMT+1300 (NZDT): GET /views/style.css
Sun Dec 02 2018 16:18:47 GMT+1300 (NZDT): GET /favicon.ico
Sun Dec 02 2018 16:20:35 GMT+1300 (NZDT): GET /
Sun Dec 02 2018 16:20:35 GMT+1300 (NZDT): GET /views/style.css
Sun Dec 02 2018 16:20:35 GMT+1300 (NZDT): GET /favicon.ico
Sun Dec 02 2018 16:20:38 GMT+1300 (NZDT): GET /
Sun Dec 02 2018 16:20:38 GMT+1300 (NZDT): GET /views/style.css
Sun Dec 02 2018 16:20:39 GMT+1300 (NZDT): GET /favicon.ico
Sun Dec 02 2018 16:22:44 GMT+1300 (NZDT): GET /
Sun Dec 02 2018 16:22:44 GMT+1300 (NZDT): GET /views/style.css
Sun Dec 02 2018 16:22:46 GMT+1300 (NZDT): GET /favicon.ico
Sun Dec 02 2018 16:23:15 GMT+1300 (NZDT): GET /
Sun Dec 02 2018 16:23:15 GMT+1300 (NZDT): GET /views/style.css
Sun Dec 02 2018 16:23:16 GMT+1300 (NZDT): GET /favicon.ico
Sun Dec 02 2018 16:24:24 GMT+1300 (NZDT): GET /
Sun Dec 02 2018 16:24:24 GMT+1300 (NZDT): GET /views/style.css
Sun Dec 02 2018 16:24:25 GMT+1300 (NZDT): GET /favicon.ico
Sun Dec 02 2018 16:24:52 GMT+1300 (NZDT): GET /
Sun Dec 02 2018 16:24:52 GMT+1300 (NZDT): GET /views/style.css
Sun Dec 02 2018 16:24:53 GMT+1300 (NZDT): GET /favicon.ico
Sun Dec 02 2018 16:25:20 GMT+1300 (NZDT): GET /
Sun Dec 02 2018 16:25:20 GMT+1300 (NZDT): GET /views/style.css
Sun Dec 02 2018 16:25:21 GMT+1300 (NZDT): GET /favicon.ico
Sun Dec 02 2018 16:26:02 GMT+1300 (NZDT): GET /
Sun Dec 02 2018 16:26:02 GMT+1300 (NZDT): GET /views/style.css
Sun Dec 02 2018 16:26:03 GMT+1300 (NZDT): GET /favicon.ico
Sun Dec 02 2018 16:26:59 GMT+1300 (NZDT): GET /
Sun Dec 02 2018 16:26:59 GMT+1300 (NZDT): GET /views/style.css
Sun Dec 02 2018 16:27:00 GMT+1300 (NZDT): GET /favicon.ico
Sun Dec 02 2018 16:27:37 GMT+1300 (NZDT): GET /
Sun Dec 02 2018 16:27:37 GMT+1300 (NZDT): GET /views/style.css
Sun Dec 02 2018 16:27:38 GMT+1300 (NZDT): GET /favicon.ico
Sun Dec 02 2018 16:28:53 GMT+1300 (NZDT): GET /
Sun Dec 02 2018 16:28:53 GMT+1300 (NZDT): GET /views/style.css
Sun Dec 02 2018 16:28:54 GMT+1300 (NZDT): GET /favicon.ico
Sun Dec 02 2018 16:29:18 GMT+1300 (NZDT): GET /
Sun Dec 02 2018 16:29:18 GMT+1300 (NZDT): GET /views/style.css
Sun Dec 02 2018 16:29:21 GMT+1300 (NZDT): GET /favicon.ico
Sun Dec 02 2018 16:29:38 GMT+1300 (NZDT): GET /
Sun Dec 02 2018 16:29:38 GMT+1300 (NZDT): GET /views/style.css
Sun Dec 02 2018 16:29:40 GMT+1300 (NZDT): GET /favicon.ico
Sun Dec 02 2018 17:32:05 GMT+1300 (NZDT): GET /
Sun Dec 02 2018 17:32:05 GMT+1300 (NZDT): GET /views/style.css
Sun Dec 02 2018 17:32:06 GMT+1300 (NZDT): GET /favicon.ico
Sun Dec 02 2018 17:32:47 GMT+1300 (NZDT): GET /
Sun Dec 02 2018 17:32:48 GMT+1300 (NZDT): GET /favicon.ico
Sun Dec 02 2018 17:34:12 GMT+1300 (NZDT): GET /
Sun Dec 02 2018 17:34:13 GMT+1300 (NZDT): GET /views/style.css
Sun Dec 02 2018 17:34:13 GMT+1300 (NZDT): GET /favicon.ico
Sun Dec 02 2018 17:36:48 GMT+1300 (NZDT): GET /
Sun Dec 02 2018 17:36:48 GMT+1300 (NZDT): GET /views/style.css
Sun Dec 02 2018 17:36:51 GMT+1300 (NZDT): GET /favicon.ico
Sun Dec 02 2018 17:37:22 GMT+1300 (NZDT): GET /
Sun Dec 02 2018 17:37:22 GMT+1300 (NZDT): GET /views/style.css
Sun Dec 02 2018 17:37:23 GMT+1300 (NZDT): GET /favicon.ico
Sun Dec 02 2018 17:38:05 GMT+1300 (NZDT): GET /
Sun Dec 02 2018 17:38:05 GMT+1300 (NZDT): GET /views/style.css
Sun Dec 02 2018 17:38:06 GMT+1300 (NZDT): GET /favicon.ico
